<?xml version="1.0" encoding="UTF-8"?>
<!-- Generated by org.testng.reporters.JUnitReportReporter -->
<testsuite hostname="UA145" name="com.toroption.pre.tests.CreateLeadFromMainPageAndRegistration" tests="2" failures="0" timestamp="27 May 2016 12:24:01 GMT" time="50.357" errors="0">
  <testcase name="fillLeadForm" time="38.860" classname="com.toroption.pre.tests.CreateLeadFromMainPageAndRegistration"/>
  <testcase name="fillOpenAccountForm" time="11.497" classname="com.toroption.pre.tests.CreateLeadFromMainPageAndRegistration"/>
</testsuite> <!-- com.toroption.pre.tests.CreateLeadFromMainPageAndRegistration -->
