<?xml version="1.0" encoding="UTF-8"?>
<!-- Generated by org.testng.reporters.JUnitReportReporter -->
<testsuite hostname="UA145" name="com.toroption.pre.tests.RegistrationEmailWhichUsed" tests="2" failures="0" timestamp="27 May 2016 12:24:01 GMT" time="66.609" errors="0">
  <testcase name="fillLeadForm" time="63.935" classname="com.toroption.pre.tests.RegistrationEmailWhichUsed"/>
  <testcase name="fillOpenAccountForm" time="2.674" classname="com.toroption.pre.tests.RegistrationEmailWhichUsed"/>
</testsuite> <!-- com.toroption.pre.tests.RegistrationEmailWhichUsed -->
